<?xml version="1.0" encoding="UTF-8"?>
<!-- Generated by org.testng.reporters.JUnitReportReporter -->
<testsuite hostname="DESKTOP-E57FEQI" failures="0" tests="2" name="TestNG.TestNG_Group" time="0.044" errors="0" timestamp="2023-06-04T20:10:31 IST" skipped="0">
  <testcase classname="TestNG.TestNG_Group" name="TC3" time="0.037"/>
  <system-out>
    <![CDATA[running TC3]]>
  </system-out>
  <testcase classname="TestNG.TestNG_Group" name="TC4" time="0.007"/>
  <system-out>
    <![CDATA[running TC4]]>
  </system-out>
</testsuite> <!-- TestNG.TestNG_Group -->
