<?xml version="1.0" encoding="UTF-8"?>
<!-- Generated by org.testng.reporters.JUnitReportReporter -->
<testsuite hostname="DESKTOP-E57FEQI" failures="0" tests="1" name="TestNG.Parallel2" time="20.951" errors="0" timestamp="2023-06-04T20:01:06 IST" skipped="0">
  <testcase classname="TestNG.Parallel2" name="TC2" time="20.951"/>
  <system-out/>
</testsuite> <!-- TestNG.Parallel2 -->
