<?xml version="1.0" encoding="UTF-8"?>
<!-- Generated by org.testng.reporters.JUnitReportReporter -->
<testsuite hostname="DESKTOP-E57FEQI" failures="0" tests="1" name="TestNG.testNGTestClass" time="0.067" errors="0" timestamp="2023-05-30T21:01:49 IST" skipped="0">
  <testcase classname="TestNG.testNGTestClass" name="test" time="0.067"/>
  <system-out>
    <![CDATA[good night
good night]]>
  </system-out>
</testsuite> <!-- TestNG.testNGTestClass -->
