<?xml version="1.0" encoding="UTF-8"?>
<!-- Generated by org.testng.reporters.JUnitReportReporter -->
<testsuite hostname="DESKTOP-E57FEQI" failures="0" tests="3" name="TestNG.sample3" time="0.049" errors="0" timestamp="2023-06-04T19:41:48 IST" skipped="0">
  <testcase classname="TestNG.sample3" name="TC10" time="0.025"/>
  <system-out>
    <![CDATA[running TC10]]>
  </system-out>
  <testcase classname="TestNG.sample3" name="TC8" time="0.010"/>
  <system-out>
    <![CDATA[running TC8]]>
  </system-out>
  <testcase classname="TestNG.sample3" name="TC9" time="0.014"/>
  <system-out>
    <![CDATA[running TC9]]>
  </system-out>
</testsuite> <!-- TestNG.sample3 -->
