<?xml version="1.0" encoding="UTF-8"?>
<!-- Generated by org.testng.reporters.JUnitReportReporter -->
<testsuite hostname="DESKTOP-E57FEQI" failures="0" tests="1" name="DDF_POM_TestNG_BaseClass_Utility.Log4jExample" time="69.709" errors="0" timestamp="2023-06-10T20:26:29 IST" skipped="0">
  <testcase classname="DDF_POM_TestNG_BaseClass_Utility.Log4jExample" name="TC1" time="69.709"/>
  <system-out/>
</testsuite> <!-- DDF_POM_TestNG_BaseClass_Utility.Log4jExample -->
