<?xml version="1.0" encoding="UTF-8"?>
<!-- Generated by org.testng.reporters.JUnitReportReporter -->
<testsuite hostname="DESKTOP-E57FEQI" failures="0" tests="1" name="TestNG.sample2" time="0.036" errors="0" timestamp="2023-06-04T19:43:09 IST" skipped="0">
  <testcase classname="TestNG.sample2" name="TC5" time="0.036"/>
  <system-out>
    <![CDATA[running TC5]]>
  </system-out>
</testsuite> <!-- TestNG.sample2 -->
