<?xml version="1.0" encoding="UTF-8"?>
<!-- Generated by org.testng.reporters.JUnitReportReporter -->
<testsuite hostname="DESKTOP-E57FEQI" failures="0" tests="4" name="TestNG.dataProviderAnnotations" time="0.042" errors="0" timestamp="2023-06-05T19:43:26 IST" skipped="0">
  <testcase classname="TestNG.dataProviderAnnotations" name="TC1" time="0.011"/>
  <system-out/>
  <testcase classname="TestNG.dataProviderAnnotations" name="TC1" time="0.020"/>
  <system-out/>
  <testcase classname="TestNG.dataProviderAnnotations" name="TC1" time="0.005"/>
  <system-out/>
  <testcase classname="TestNG.dataProviderAnnotations" name="TC1" time="0.006"/>
  <system-out/>
</testsuite> <!-- TestNG.dataProviderAnnotations -->
